[0m23:21:54.166069 [debug] [MainThread]: Sending event: {'category': 'dbt', 'action': 'invocation', 'label': 'start', 'context': [<snowplow_tracker.self_describing_json.SelfDescribingJson object at 0x7f12b7e4d760>, <snowplow_tracker.self_describing_json.SelfDescribingJson object at 0x7f12b5e3d3a0>, <snowplow_tracker.self_describing_json.SelfDescribingJson object at 0x7f12b6e93110>]}


============================== 23:21:54.170269 | 4668e64a-f583-442c-9eff-d8fc600a0725 ==============================
[0m23:21:54.170269 [info ] [MainThread]: Running with dbt=1.9.2
[0m23:21:54.171387 [debug] [MainThread]: running dbt with arguments {'printer_width': '80', 'indirect_selection': 'eager', 'log_cache_events': 'False', 'write_json': 'True', 'partial_parse': 'True', 'cache_selected_only': 'False', 'profiles_dir': '/usr/local/airflow/include/dbt', 'debug': 'False', 'warn_error': 'None', 'log_path': 'logs', 'version_check': 'True', 'fail_fast': 'False', 'use_colors': 'True', 'use_experimental_parser': 'False', 'empty': 'None', 'quiet': 'False', 'no_print': 'None', 'warn_error_options': 'WarnErrorOptions(include=[], exclude=[])', 'static_parser': 'True', 'introspect': 'True', 'invocation_command': 'dbt init', 'target_path': 'None', 'log_format': 'default', 'send_anonymous_usage_stats': 'True'}
[0m23:22:00.946607 [debug] [MainThread]: Starter project path: /usr/local/airflow/dbt_venv/lib/python3.12/site-packages/dbt/include/starter_project
[0m23:22:00.953146 [info ] [MainThread]: 
Your new dbt project "dbt_redshift" was created!

For more information on how to configure the profiles.yml file,
please consult the dbt documentation here:

  https://docs.getdbt.com/docs/configure-your-profile

One more thing:

Need help? Don't hesitate to reach out to us via GitHub issues or on Slack:

  https://community.getdbt.com/

Happy modeling!

[0m23:22:00.954283 [info ] [MainThread]: Setting up your profile.
[0m23:22:02.963452 [debug] [MainThread]: Redshift adapter: Setting redshift_connector to ERROR
[0m23:22:02.964120 [debug] [MainThread]: Redshift adapter: Setting redshift_connector.core to ERROR
[0m23:22:36.405512 [info ] [MainThread]: Profile dbt_redshift written to /usr/local/airflow/include/dbt/profiles.yml using target's profile_template.yml and your supplied values. Run 'dbt debug' to validate the connection.
[0m23:22:36.407451 [debug] [MainThread]: Resource report: {"command_name": "init", "command_success": true, "command_wall_clock_time": 42.34559, "process_in_blocks": "0", "process_kernel_time": 0.170032, "process_mem_max_rss": "101796", "process_out_blocks": "96", "process_user_time": 1.790346}
[0m23:22:36.408405 [debug] [MainThread]: Command `dbt init` succeeded at 23:22:36.408172 after 42.35 seconds
[0m23:22:36.409425 [debug] [MainThread]: Sending event: {'category': 'dbt', 'action': 'invocation', 'label': 'end', 'context': [<snowplow_tracker.self_describing_json.SelfDescribingJson object at 0x7f12b59ebd40>, <snowplow_tracker.self_describing_json.SelfDescribingJson object at 0x7f12b5225a00>, <snowplow_tracker.self_describing_json.SelfDescribingJson object at 0x7f12b55529f0>]}
[0m23:22:36.410526 [debug] [MainThread]: Flushing usage events
[0m23:22:36.899678 [debug] [MainThread]: An error was encountered while trying to flush usage events
